[2025-05-20 11:51:15] [INFO] 🔊 Benutzer lime7543 (497089779473580042) ist dem Sprachkanal "123" (1269978419366592533) auf Server "Server von Overtime" (1269722310567530650) beigetreten.
[2025-05-20 11:51:17] [INFO] 🔄 Benutzer lime7543 (497089779473580042) hat den Sprachkanal von "123" (1269978419366592533) zu "456" (1374321842495557692) auf Server "Server von Overtime" (1269722310567530650) gewechselt.
[2025-05-20 11:51:19] [INFO] 🔄 Benutzer lime7543 (497089779473580042) hat den Sprachkanal von "456" (1374321842495557692) zu "123" (1269978419366592533) auf Server "Server von Overtime" (1269722310567530650) gewechselt.
[2025-05-20 11:51:21] [INFO] 🔇 Benutzer lime7543 (497089779473580042) hat den Sprachkanal "123" (1269978419366592533) auf Server "Server von Overtime" (1269722310567530650) verlassen.
[2025-05-20 14:41:45] [INFO] 🔊 Benutzer overtime9664 (401409059884105731) ist dem Sprachkanal "123" (1269978419366592533) auf Server "Server von Overtime" (1269722310567530650) beigetreten.
[2025-05-20 15:11:20] [INFO] 🔇 Benutzer overtime9664 (401409059884105731) hat den Sprachkanal "123" (1269978419366592533) auf Server "Server von Overtime" (1269722310567530650) verlassen.
[2025-05-20 15:27:11] [❌ UNERWARTETER CLIENT-FEHLER: RECEIVED ONE OR MORE ERRORS] [object Object]
[2025-05-20 15:29:59] [1371843467168452619] [object Object]
[2025-05-27 11:27:37] [❌ UNERWARTETER CLIENT-FEHLER: INTERACTION.ISMESSAGEREACTIONADD IS NOT A FUNCTION] [object Object]
[2025-05-27 11:27:41] [1371843467168452619] [object Object]
[2025-05-27 11:27:41] [❌ UNERWARTETER CLIENT-FEHLER: INTERACTION.ISMESSAGEREACTIONADD IS NOT A FUNCTION] [object Object]
[2025-05-27 11:31:00] [1371843467168452619] [object Object]
[2025-05-27 11:31:00] [❌ UNERWARTETER CLIENT-FEHLER: INTERACTION.ISMESSAGEREACTIONADD IS NOT A FUNCTION] [object Object]
[2025-05-27 11:31:05] [1371843467168452619] [object Object]
[2025-05-27 11:31:05] [❌ UNERWARTETER CLIENT-FEHLER: INTERACTION.ISMESSAGEREACTIONADD IS NOT A FUNCTION] [object Object]
[2025-05-27 15:11:13] [❌ UNERWARTETER CLIENT-FEHLER: INTERACTION.ISMESSAGEREACTIONADD IS NOT A FUNCTION] [object Object]
[2025-05-27 15:11:56] [❌ UNERWARTETER CLIENT-FEHLER: INTERACTION.ISMESSAGEREACTIONADD IS NOT A FUNCTION] [object Object]
[2025-05-27 15:32:37] [❌ UNERWARTETER CLIENT-FEHLER: RECEIVED ONE OR MORE ERRORS] [object Object]
[2025-05-27 15:32:51] [❌ UNERWARTETER CLIENT-FEHLER: RECEIVED ONE OR MORE ERRORS] [object Object]
[2025-05-27 21:29:21] [❌ UNERWARTETER CLIENT-FEHLER: RECEIVED ONE OR MORE ERRORS] [object Object]
[2025-05-27 21:32:34] [❌ UNERWARTETER CLIENT-FEHLER: RECEIVED ONE OR MORE ERRORS] [object Object]
[2025-06-03 10:41:53] [❌ UNERWARTETER CLIENT-FEHLER: RECEIVED ONE OR MORE ERRORS] [object Object]
[2025-06-03 14:39:06] [❌ UNERWARTETER CLIENT-FEHLER: EMBEDBUILDER IS NOT DEFINED] [object Object]
